[
    {
        "Id": "fdd1359430c32e497ef663e1bc2102cc63100ff66892d17eae41581909819f80",
        "Created": "2019-04-28T17:23:23.526469834Z",
        "Path": "/bin/bash",
        "Args": [],
        "State": {
            "Status": "running",
            "Running": true,
            "Paused": false,
            "Restarting": false,
            "OOMKilled": false,
            "Dead": false,
            "Pid": 30923,
            "ExitCode": 0,
            "Error": "",
            "StartedAt": "2019-04-28T17:24:28.479128723Z",
            "FinishedAt": "2019-04-28T17:23:34.140718866Z"
        },
        "Image": "sha256:a3551444fc85245b371659f00bae9d833125532a056fcda93a65944d070a1ff7",
        "ResolvConfPath": "/var/lib/docker/containers/fdd1359430c32e497ef663e1bc2102cc63100ff66892d17eae41581909819f80/resolv.conf",
        "HostnamePath": "/var/lib/docker/containers/fdd1359430c32e497ef663e1bc2102cc63100ff66892d17eae41581909819f80/hostname",
        "HostsPath": "/var/lib/docker/containers/fdd1359430c32e497ef663e1bc2102cc63100ff66892d17eae41581909819f80/hosts",
        "LogPath": "/var/lib/docker/containers/fdd1359430c32e497ef663e1bc2102cc63100ff66892d17eae41581909819f80/fdd1359430c32e497ef663e1bc2102cc63100ff66892d17eae41581909819f80-json.log",
        "Name": "/happy_thompson",
        "RestartCount": 0,
        "Driver": "overlay2",
        "Platform": "linux",
        "MountLabel": "",
        "ProcessLabel": "",
        "AppArmorProfile": "docker-default",
        "ExecIDs": null,
        "HostConfig": {
            "Binds": null,
            "ContainerIDFile": "",
            "LogConfig": {
                "Type": "json-file",
                "Config": {}
            },
            "NetworkMode": "default",
            "PortBindings": {},
            "RestartPolicy": {
                "Name": "no",
                "MaximumRetryCount": 0
            },
            "AutoRemove": false,
            "VolumeDriver": "",
            "VolumesFrom": null,
            "CapAdd": null,
            "CapDrop": null,
            "Dns": [],
            "DnsOptions": [],
            "DnsSearch": [],
            "ExtraHosts": null,
            "GroupAdd": null,
            "IpcMode": "shareable",
            "Cgroup": "",
            "Links": null,
            "OomScoreAdj": 0,
            "PidMode": "",
            "Privileged": false,
            "PublishAllPorts": false,
            "ReadonlyRootfs": false,
            "SecurityOpt": null,
            "UTSMode": "",
            "UsernsMode": "",
            "ShmSize": 67108864,
            "Runtime": "runc",
            "ConsoleSize": [
                0,
                0
            ],
            "Isolation": "",
            "CpuShares": 0,
            "Memory": 0,
            "NanoCpus": 0,
            "CgroupParent": "",
            "BlkioWeight": 0,
            "BlkioWeightDevice": [],
            "BlkioDeviceReadBps": null,
            "BlkioDeviceWriteBps": null,
            "BlkioDeviceReadIOps": null,
            "BlkioDeviceWriteIOps": null,
            "CpuPeriod": 0,
            "CpuQuota": 0,
            "CpuRealtimePeriod": 0,
            "CpuRealtimeRuntime": 0,
            "CpusetCpus": "",
            "CpusetMems": "",
            "Devices": [],
            "DeviceCgroupRules": null,
            "DiskQuota": 0,
            "KernelMemory": 0,
            "MemoryReservation": 0,
            "MemorySwap": 0,
            "MemorySwappiness": null,
            "OomKillDisable": false,
            "PidsLimit": 0,
            "Ulimits": null,
            "CpuCount": 0,
            "CpuPercent": 0,
            "IOMaximumIOps": 0,
            "IOMaximumBandwidth": 0,
            "MaskedPaths": [
                "/proc/asound",
                "/proc/acpi",
                "/proc/kcore",
                "/proc/keys",
                "/proc/latency_stats",
                "/proc/timer_list",
                "/proc/timer_stats",
                "/proc/sched_debug",
                "/proc/scsi",
                "/sys/firmware"
            ],
            "ReadonlyPaths": [
                "/proc/bus",
                "/proc/fs",
                "/proc/irq",
                "/proc/sys",
                "/proc/sysrq-trigger"
            ]
        },
        "GraphDriver": {
            "Data": {
                "LowerDir": "/var/lib/docker/overlay2/7f472b2fb78d4002e7da6b2cafbc2e9c008911a27725c8b295cff58c6769d370-init/diff:/var/lib/docker/overlay2/185c5f099822d1e52b181bcd85ef0aff0a07451ae24cb8231076c5ac55cd476a/diff:/var/lib/docker/overlay2/7c0aa98d1626c7ed1cccdc7eacee8b4e3302c60f6eed1106132b570f2f6ae891/diff:/var/lib/docker/overlay2/bd822159e3f892031e51cf89b53edc181b8e799d4a3ba62a8d5c88494d9c6015/diff:/var/lib/docker/overlay2/5a46d4c428d99678337d412241e594affdf1eb0b97bf8a7aa5e370714120721d/diff",
                "MergedDir": "/var/lib/docker/overlay2/7f472b2fb78d4002e7da6b2cafbc2e9c008911a27725c8b295cff58c6769d370/merged",
                "UpperDir": "/var/lib/docker/overlay2/7f472b2fb78d4002e7da6b2cafbc2e9c008911a27725c8b295cff58c6769d370/diff",
                "WorkDir": "/var/lib/docker/overlay2/7f472b2fb78d4002e7da6b2cafbc2e9c008911a27725c8b295cff58c6769d370/work"
            },
            "Name": "overlay2"
        },
        "Mounts": [],
        "Config": {
            "Hostname": "fdd1359430c3",
            "Domainname": "",
            "User": "",
            "AttachStdin": true,
            "AttachStdout": true,
            "AttachStderr": true,
            "Tty": true,
            "OpenStdin": true,
            "StdinOnce": true,
            "Env": [
                "PATH=/usr/local/sbin:/usr/local/bin:/usr/sbin:/usr/bin:/sbin:/bin"
            ],
            "Cmd": [
                "/bin/bash"
            ],
            "Image": "ubuntu:16.04",
            "Volumes": null,
            "WorkingDir": "",
            "Entrypoint": null,
            "OnBuild": null,
            "Labels": {}
        },
        "NetworkSettings": {
            "Bridge": "",
            "SandboxID": "27b9563831c04d1fa1e5e2070e1fc15552ccad218416110cebfc4700d34f9812",
            "HairpinMode": false,
            "LinkLocalIPv6Address": "",
            "LinkLocalIPv6PrefixLen": 0,
            "Ports": {},
            "SandboxKey": "/var/run/docker/netns/27b9563831c0",
            "SecondaryIPAddresses": null,
            "SecondaryIPv6Addresses": null,
            "EndpointID": "418e197c4ac710329c76e87377fd27e0bfbec3ae5ea60a8767b4dcc47ec12c90",
            "Gateway": "172.17.0.1",
            "GlobalIPv6Address": "",
            "GlobalIPv6PrefixLen": 0,
            "IPAddress": "172.17.0.2",
            "IPPrefixLen": 16,
            "IPv6Gateway": "",
            "MacAddress": "02:42:ac:11:00:02",
            "Networks": {
                "bridge": {
                    "IPAMConfig": null,
                    "Links": null,
                    "Aliases": null,
                    "NetworkID": "bc8736fe8cbd0db82c1ee99b745390d79555ce5745df9ff24c98056000e14f0a",
                    "EndpointID": "418e197c4ac710329c76e87377fd27e0bfbec3ae5ea60a8767b4dcc47ec12c90",
                    "Gateway": "172.17.0.1",
                    "IPAddress": "172.17.0.2",
                    "IPPrefixLen": 16,
                    "IPv6Gateway": "",
                    "GlobalIPv6Address": "",
                    "GlobalIPv6PrefixLen": 0,
                    "MacAddress": "02:42:ac:11:00:02",
                    "DriverOpts": null
                }
            }
        }
    }
]
