[
    {
        "Id": "sha256:f64523221fffe8b6b18c312fd61d76e2e2fa857645d876fddbd7de570accbde0",
        "RepoTags": [
            "4babushkin/ubuntu-tmp-file:latest"
        ],
        "RepoDigests": [],
        "Parent": "sha256:a3551444fc85245b371659f00bae9d833125532a056fcda93a65944d070a1ff7",
        "Comment": "",
        "Created": "2019-04-28T17:28:03.897187542Z",
        "Container": "fdd1359430c32e497ef663e1bc2102cc63100ff66892d17eae41581909819f80",
        "ContainerConfig": {
            "Hostname": "fdd1359430c3",
            "Domainname": "",
            "User": "",
            "AttachStdin": true,
            "AttachStdout": true,
            "AttachStderr": true,
            "Tty": true,
            "OpenStdin": true,
            "StdinOnce": true,
            "Env": [
                "PATH=/usr/local/sbin:/usr/local/bin:/usr/sbin:/usr/bin:/sbin:/bin"
            ],
            "Cmd": [
                "/bin/bash"
            ],
            "Image": "ubuntu:16.04",
            "Volumes": null,
            "WorkingDir": "",
            "Entrypoint": null,
            "OnBuild": null,
            "Labels": {}
        },
        "DockerVersion": "18.09.5",
        "Author": "",
        "Config": {
            "Hostname": "fdd1359430c3",
            "Domainname": "",
            "User": "",
            "AttachStdin": true,
            "AttachStdout": true,
            "AttachStderr": true,
            "Tty": true,
            "OpenStdin": true,
            "StdinOnce": true,
            "Env": [
                "PATH=/usr/local/sbin:/usr/local/bin:/usr/sbin:/usr/bin:/sbin:/bin"
            ],
            "Cmd": [
                "/bin/bash"
            ],
            "Image": "ubuntu:16.04",
            "Volumes": null,
            "WorkingDir": "",
            "Entrypoint": null,
            "OnBuild": null,
            "Labels": {}
        },
        "Architecture": "amd64",
        "Os": "linux",
        "Size": 118680683,
        "VirtualSize": 118680683,
        "GraphDriver": {
            "Data": {
                "LowerDir": "/var/lib/docker/overlay2/185c5f099822d1e52b181bcd85ef0aff0a07451ae24cb8231076c5ac55cd476a/diff:/var/lib/docker/overlay2/7c0aa98d1626c7ed1cccdc7eacee8b4e3302c60f6eed1106132b570f2f6ae891/diff:/var/lib/docker/overlay2/bd822159e3f892031e51cf89b53edc181b8e799d4a3ba62a8d5c88494d9c6015/diff:/var/lib/docker/overlay2/5a46d4c428d99678337d412241e594affdf1eb0b97bf8a7aa5e370714120721d/diff",
                "MergedDir": "/var/lib/docker/overlay2/79903dc9ca874cd8b9f977acb8dbfaf7ae4ace5e8c2e3715fb42dcc049200a0b/merged",
                "UpperDir": "/var/lib/docker/overlay2/79903dc9ca874cd8b9f977acb8dbfaf7ae4ace5e8c2e3715fb42dcc049200a0b/diff",
                "WorkDir": "/var/lib/docker/overlay2/79903dc9ca874cd8b9f977acb8dbfaf7ae4ace5e8c2e3715fb42dcc049200a0b/work"
            },
            "Name": "overlay2"
        },
        "RootFS": {
            "Type": "layers",
            "Layers": [
                "sha256:a0c1e01578b7e57d891b82a53a9debdb52dc642c581de3e9231d395989d39a03",
                "sha256:89ec57aea3bfda4030b9046bd998a74dd64bb8a7fcecca13ceafdc126d9d3dba",
                "sha256:7ccfaa7554e3812178273aa374570a24ee1fca986c44df2bf29681d9b971f525",
                "sha256:d908c11b1a82a8e558053856d5092771a5ce72c47b2942ed64f6d7debefe5a1c",
                "sha256:00df58f981f7782baeb07c22b434403fea6b98f421548dd2a7bca290b532fe99"
            ]
        },
        "Metadata": {
            "LastTagTime": "2019-04-29T00:28:03.972881735+07:00"
        }
    }
]
